-BEAR\RepositoryModule\Annotation\CacheVersion => (string) 
-BEAR\RepositoryModule\Annotation\Commands => (provider) (dependency) BEAR\QueryRepository\CommandsProvider
-BEAR\Resource\Annotation\AppName => (string) MyVendor\MyProject
-BEAR\Streamer\Annotation\Stream => (provider) (dependency) BEAR\Streamer\StreamProvider
-BEAR\Sunday\Annotation\DefaultSchemeHost => (string) page://self
-cache_namespace => (string) 0.10777900 1581478617
BEAR\AppMeta\AbstractAppMeta- => (object) BEAR\AppMeta\Meta
BEAR\Package\Provide\Error\ErrorLogger- => (dependency) BEAR\Package\Provide\Error\ErrorLogger
BEAR\Package\Provide\Error\ErrorPageFactoryInterface- => (dependency) BEAR\Package\Provide\Error\ProdVndErrorPageFactory
BEAR\Package\Provide\Representation\CreatedResourceInterceptor- => (dependency) BEAR\Package\Provide\Representation\CreatedResourceInterceptor
BEAR\Package\Provide\Representation\CreatedResourceRenderer- => (dependency) BEAR\Package\Provide\Representation\CreatedResourceRenderer
BEAR\Package\Provide\Router\HttpMethodParamsInterface- => (dependency) BEAR\Package\Provide\Router\HttpMethodParams
BEAR\Package\Provide\Router\WebRouterInterface- => (dependency) BEAR\Package\Provide\Router\WebRouter
BEAR\QueryRepository\CacheInterceptor- => (dependency) BEAR\QueryRepository\CacheInterceptor
BEAR\QueryRepository\CommandInterceptor- => (dependency) BEAR\QueryRepository\CommandInterceptor
BEAR\QueryRepository\EtagSetterInterface- => (dependency) BEAR\QueryRepository\EtagSetter
BEAR\QueryRepository\Expiry- => (object) BEAR\QueryRepository\Expiry
BEAR\QueryRepository\HttpCacheInterceptor- => (dependency) BEAR\QueryRepository\HttpCacheInterceptor
BEAR\QueryRepository\HttpCacheInterface- => (dependency) BEAR\QueryRepository\HttpCache
BEAR\QueryRepository\QueryRepositoryInterface- => (dependency) BEAR\QueryRepository\QueryRepository
BEAR\QueryRepository\RefreshAnnotatedCommand- => (dependency) BEAR\QueryRepository\RefreshAnnotatedCommand
BEAR\QueryRepository\RefreshInterceptor- => (dependency) BEAR\QueryRepository\RefreshInterceptor
BEAR\QueryRepository\ResourceStorageInterface- => (dependency) BEAR\QueryRepository\ResourceStorage
BEAR\Resource\AnchorInterface- => (dependency) BEAR\Resource\Anchor
BEAR\Resource\EmbedInterceptor- => (dependency) BEAR\Resource\EmbedInterceptor
BEAR\Resource\ExtraMethodInvoker- => (dependency) BEAR\Resource\ExtraMethodInvoker
BEAR\Resource\FactoryInterface- => (dependency) BEAR\Resource\Factory
BEAR\Resource\HalLink- => (dependency) BEAR\Resource\HalLink
BEAR\Resource\InvokerInterface- => (dependency) BEAR\Resource\Invoker
BEAR\Resource\LinkerInterface- => (dependency) BEAR\Resource\Linker
BEAR\Resource\LoggerInterface- => (dependency) BEAR\Resource\NullLogger
BEAR\Resource\NamedParamMetasInterface- => (dependency) BEAR\Resource\NamedParamMetas
BEAR\Resource\NamedParameterInterface- => (dependency) BEAR\Resource\NamedParameter
BEAR\Resource\OptionsMethods- => (dependency) BEAR\Resource\OptionsMethods
BEAR\Resource\RenderInterface- => (dependency) BEAR\Resource\PrettyJsonRenderer
BEAR\Resource\RenderInterface-BEAR\Streamer\Annotation\Stream => (dependency) BEAR\Streamer\StreamRenderer
BEAR\Resource\RenderInterface-options => (dependency) BEAR\Resource\VoidOptionsRenderer
BEAR\Resource\ResourceInterface- => (dependency) BEAR\Resource\Resource
BEAR\Resource\ReverseLinkInterface- => (dependency) BEAR\Resource\NullReverseLink
BEAR\Resource\SchemeCollectionInterface- => (provider) (dependency) BEAR\Resource\Module\SchemeCollectionProvider
BEAR\Resource\TransferInterface-BEAR\Streamer\Annotation\Stream => (dependency) BEAR\Streamer\StreamResponder
BEAR\Resource\UriFactory- => (dependency) BEAR\Resource\UriFactory
BEAR\Streamer\StreamerInterface- => (dependency) BEAR\Streamer\Streamer
BEAR\Sunday\Extension\Application\AppInterface- => (dependency) MyVendor\MyProject\Module\App
BEAR\Sunday\Extension\Error\ErrorInterface- => (dependency) BEAR\Package\Provide\Error\ErrorHandler
BEAR\Sunday\Extension\Router\RouterInterface- => (dependency) BEAR\Package\Provide\Router\WebRouter
BEAR\Sunday\Extension\Transfer\HttpCacheInterface- => (dependency) BEAR\QueryRepository\HttpCache
BEAR\Sunday\Extension\Transfer\TransferInterface- => (dependency) BEAR\Sunday\Provide\Transfer\HttpResponder
BEAR\Sunday\Provide\Transfer\ConditionalResponseInterface- => (dependency) BEAR\Sunday\Provide\Transfer\ConditionalResponse
BEAR\Sunday\Provide\Transfer\HeaderInterface- => (dependency) BEAR\Sunday\Provide\Transfer\Header
Doctrine\Common\Annotations\Reader- => (dependency) Doctrine\Common\Annotations\CachedReader
Doctrine\Common\Annotations\Reader-annotation_reader => (dependency) Doctrine\Common\Annotations\AnnotationReader
Doctrine\Common\Cache\Cache- => (provider) (dependency) BEAR\Package\Context\Provider\ProdCacheProvider
Doctrine\Common\Cache\Cache-BEAR\RepositoryModule\Annotation\Storage => (provider) (dependency) BEAR\QueryRepository\StorageProvider
Doctrine\Common\Cache\Cache-annotation_cache => (provider) (dependency) BEAR\Package\Context\Provider\ProdCacheProvider
Doctrine\Common\Cache\CacheProvider-BEAR\RepositoryModule\Annotation\Storage => (provider) (dependency) BEAR\Package\Context\Provider\ProdCacheProvider
MyVendor\MyProject\Resource\Page\Cache- => (dependency) MyVendor\MyProject\Resource\Page\Cache (aop) +onGet(BEAR\QueryRepository\CacheInterceptor)
MyVendor\MyProject\Resource\Page\Index- => (dependency) MyVendor\MyProject\Resource\Page\Index
Psr\Log\LoggerInterface- => (provider) (dependency) BEAR\Package\Provide\Logger\ProdMonologProvider